<?xml version="1.0" encoding="UTF-8"?>
<testng-results skipped="0" failed="0" ignored="0" total="2" passed="2">
  <reporter-output>
  </reporter-output>
  <suite name="Suite" duration-ms="75582" started-at="2020-08-13T04:57:48Z" finished-at="2020-08-13T04:59:03Z">
    <groups>
      <group name="cucumber">
        <method signature="AbstractTestNGCucumberTests.runScenario(cucumber.api.testng.PickleEventWrapper, cucumber.api.testng.CucumberFeatureWrapper)[pri:0, instance:org.runner.TestRunnerClass@589838eb]" name="runScenario" class="cucumber.api.testng.AbstractTestNGCucumberTests"/>
      </group> <!-- cucumber -->
    </groups>
    <test name="Test" duration-ms="75582" started-at="2020-08-13T04:57:48Z" finished-at="2020-08-13T04:59:03Z">
      <class name="org.runner.TestRunnerClass">
        <test-method status="PASS" signature="setUpClass()[pri:0, instance:org.runner.TestRunnerClass@589838eb]" name="setUpClass" is-config="true" duration-ms="383" started-at="2020-08-13T04:57:48Z" finished-at="2020-08-13T04:57:48Z">
          <reporter-output>
          </reporter-output>
        </test-method> <!-- setUpClass -->
        <test-method status="PASS" signature="runScenario(cucumber.api.testng.PickleEventWrapper, cucumber.api.testng.CucumberFeatureWrapper)[pri:0, instance:org.runner.TestRunnerClass@589838eb]" name="runScenario" duration-ms="51649" started-at="2020-08-13T04:57:48Z" description="Runs Cucumber Scenarios" data-provider="scenarios" finished-at="2020-08-13T04:58:40Z">
          <params>
            <param index="0">
              <value>
                <![CDATA["user has to enter required details in SignUp module"]]>
              </value>
            </param>
            <param index="1">
              <value>
                <![CDATA["SignUp & Login page Module"]]>
              </value>
            </param>
          </params>
          <reporter-output>
          </reporter-output>
        </test-method> <!-- runScenario -->
        <test-method status="PASS" signature="runScenario(cucumber.api.testng.PickleEventWrapper, cucumber.api.testng.CucumberFeatureWrapper)[pri:0, instance:org.runner.TestRunnerClass@589838eb]" name="runScenario" duration-ms="20654" started-at="2020-08-13T04:58:40Z" description="Runs Cucumber Scenarios" data-provider="scenarios" finished-at="2020-08-13T04:59:00Z">
          <params>
            <param index="0">
              <value>
                <![CDATA["user has to enter required details in Login module"]]>
              </value>
            </param>
            <param index="1">
              <value>
                <![CDATA["SignUp & Login page Module"]]>
              </value>
            </param>
          </params>
          <reporter-output>
          </reporter-output>
        </test-method> <!-- runScenario -->
        <test-method status="PASS" signature="afterClass()[pri:0, instance:org.runner.TestRunnerClass@589838eb]" name="afterClass" is-config="true" duration-ms="2608" started-at="2020-08-13T04:59:00Z" finished-at="2020-08-13T04:59:03Z">
          <reporter-output>
          </reporter-output>
        </test-method> <!-- afterClass -->
        <test-method status="PASS" signature="tearDownClass()[pri:0, instance:org.runner.TestRunnerClass@589838eb]" name="tearDownClass" is-config="true" duration-ms="101" started-at="2020-08-13T04:59:03Z" finished-at="2020-08-13T04:59:03Z">
          <reporter-output>
          </reporter-output>
        </test-method> <!-- tearDownClass -->
      </class> <!-- org.runner.TestRunnerClass -->
    </test> <!-- Test -->
  </suite> <!-- Suite -->
</testng-results>
