<?xml version="1.0" encoding="UTF-8"?>
<testng-results skipped="0" failed="0" ignored="0" total="2" passed="2">
  <reporter-output>
  </reporter-output>
  <suite name="Suite" duration-ms="76399" started-at="2020-08-16T14:04:47Z" finished-at="2020-08-16T14:06:03Z">
    <groups>
      <group name="cucumber">
        <method signature="AbstractTestNGCucumberTests.runScenario(cucumber.api.testng.PickleEventWrapper, cucumber.api.testng.CucumberFeatureWrapper)[pri:0, instance:org.runner.TestRunnerClass@553f17c]" name="runScenario" class="cucumber.api.testng.AbstractTestNGCucumberTests"/>
      </group> <!-- cucumber -->
    </groups>
    <test name="Test" duration-ms="76399" started-at="2020-08-16T14:04:47Z" finished-at="2020-08-16T14:06:03Z">
      <class name="org.runner.TestRunnerClass">
        <test-method status="PASS" signature="setUpClass()[pri:0, instance:org.runner.TestRunnerClass@553f17c]" name="setUpClass" is-config="true" duration-ms="476" started-at="2020-08-16T14:04:47Z" finished-at="2020-08-16T14:04:48Z">
          <reporter-output>
          </reporter-output>
        </test-method> <!-- setUpClass -->
        <test-method status="PASS" signature="runScenario(cucumber.api.testng.PickleEventWrapper, cucumber.api.testng.CucumberFeatureWrapper)[pri:0, instance:org.runner.TestRunnerClass@553f17c]" name="runScenario" duration-ms="55103" started-at="2020-08-16T14:04:48Z" description="Runs Cucumber Scenarios" data-provider="scenarios" finished-at="2020-08-16T14:05:43Z">
          <params>
            <param index="0">
              <value>
                <![CDATA["user has to enter required details in SignUp module"]]>
              </value>
            </param>
            <param index="1">
              <value>
                <![CDATA["SignUp & Login page Module"]]>
              </value>
            </param>
          </params>
          <reporter-output>
          </reporter-output>
        </test-method> <!-- runScenario -->
        <test-method status="PASS" signature="runScenario(cucumber.api.testng.PickleEventWrapper, cucumber.api.testng.CucumberFeatureWrapper)[pri:0, instance:org.runner.TestRunnerClass@553f17c]" name="runScenario" duration-ms="20399" started-at="2020-08-16T14:05:43Z" description="Runs Cucumber Scenarios" data-provider="scenarios" finished-at="2020-08-16T14:06:03Z">
          <params>
            <param index="0">
              <value>
                <![CDATA["user has to enter required details in Login module"]]>
              </value>
            </param>
            <param index="1">
              <value>
                <![CDATA["SignUp & Login page Module"]]>
              </value>
            </param>
          </params>
          <reporter-output>
          </reporter-output>
        </test-method> <!-- runScenario -->
        <test-method status="PASS" signature="tearDownClass()[pri:0, instance:org.runner.TestRunnerClass@553f17c]" name="tearDownClass" is-config="true" duration-ms="156" started-at="2020-08-16T14:06:03Z" finished-at="2020-08-16T14:06:03Z">
          <reporter-output>
          </reporter-output>
        </test-method> <!-- tearDownClass -->
      </class> <!-- org.runner.TestRunnerClass -->
    </test> <!-- Test -->
  </suite> <!-- Suite -->
</testng-results>
